<?xml version="1.0" encoding="UTF-8"?>
<!-- Generated by org.testng.reporters.JUnitReportReporter -->
<testsuite hostname="LAPTOP-GOWRISAIAARUSH" name="Yahoo.Sanity" tests="1" failures="0" timestamp="27 Jun 2017 15:17:49 GMT" time="16.778" errors="0">
  <testcase name="sanitytesting" time="16.778" classname="Yahoo.Sanity"/>
</testsuite> <!-- Yahoo.Sanity -->
