<?xml version="1.0" encoding="UTF-8"?>
<!-- Generated by org.testng.reporters.JUnitReportReporter -->
<testsuite hostname="LAPTOP-GOWRISAIAARUSH" name="Yahoo.Sanity" tests="1" failures="0" timestamp="25 Jun 2017 04:17:05 GMT" time="8.526" errors="0">
  <testcase name="sanitytesting" time="8.526" classname="Yahoo.Sanity"/>
</testsuite> <!-- Yahoo.Sanity -->
