<?xml version="1.0" encoding="UTF-8"?>
<!-- Generated by org.testng.reporters.JUnitReportReporter -->
<testsuite hostname="LAPTOP-GOWRISAIAARUSH" name="Yahoo.Sanity" tests="1" failures="0" timestamp="24 Jun 2017 11:39:05 GMT" time="9.734" errors="0">
  <testcase name="sanitytesting" time="9.734" classname="Yahoo.Sanity"/>
</testsuite> <!-- Yahoo.Sanity -->
